<?xml version="1.0" encoding="UTF-8"?>
<!-- Generated by org.testng.reporters.JUnitReportReporter -->
<testsuite hostname="PC-20131214NDTM" name="mytest.demo.AppTest" tests="1" failures="0" timestamp="27 Jun 2016 08:55:02 GMT" time="0.006" errors="0">
  <testcase name="testApp" time="0.006" classname="mytest.demo.AppTest"/>
</testsuite> <!-- mytest.demo.AppTest -->
